<?xml version="1.0" encoding="UTF-8"?>
<testsuite name="HammingTest" tests="9" skipped="0" failures="0" errors="0" timestamp="2019-07-04T17:07:05" hostname="DESKTOP-L0QEFV3" time="0.024">
  <properties/>
  <testcase name="testCompleteDistanceInSingleLetterDifferentStrands" classname="HammingTest" time="0.004"/>
  <testcase name="testNoDistanceBetweenEmptyStrands" classname="HammingTest" time="0.0"/>
  <testcase name="testNoDistanceBetweenShortIdenticalStrands" classname="HammingTest" time="0.001"/>
  <testcase name="testDisallowLeftEmptyStrand" classname="HammingTest" time="0.014"/>
  <testcase name="testDistanceInLongIdenticalStrands" classname="HammingTest" time="0.0"/>
  <testcase name="testDisallowRightEmptyStrand" classname="HammingTest" time="0.001"/>
  <testcase name="testDistanceInLongDifferentStrands" classname="HammingTest" time="0.001"/>
  <testcase name="testValidatesFirstStrandNotLonger" classname="HammingTest" time="0.001"/>
  <testcase name="testValidatesSecondStrandNotLonger" classname="HammingTest" time="0.0"/>
  <system-out><![CDATA[]]></system-out>
  <system-err><![CDATA[]]></system-err>
</testsuite>
