<?xml version="1.0" encoding="UTF-8"?>
<testsuite name="RotationalCipherTest" tests="10" skipped="0" failures="0" errors="0" timestamp="2019-07-11T10:43:11" hostname="DESKTOP-L0QEFV3" time="0.008">
  <properties/>
  <testcase name="rotateCapitalLetters" classname="RotationalCipherTest" time="0.001"/>
  <testcase name="rotateNumbers" classname="RotationalCipherTest" time="0.0"/>
  <testcase name="rotatePunctuation" classname="RotationalCipherTest" time="0.0"/>
  <testcase name="rotateAllLetters" classname="RotationalCipherTest" time="0.001"/>
  <testcase name="rotateSingleCharacterBy0" classname="RotationalCipherTest" time="0.0"/>
  <testcase name="rotateSingleCharacterBy1" classname="RotationalCipherTest" time="0.0"/>
  <testcase name="rotateSingleCharacterBy13" classname="RotationalCipherTest" time="0.0"/>
  <testcase name="rotateSingleCharacterBy26" classname="RotationalCipherTest" time="0.0"/>
  <testcase name="rotateSpaces" classname="RotationalCipherTest" time="0.0"/>
  <testcase name="rotateSingleCharacterWithWrapAround" classname="RotationalCipherTest" time="0.001"/>
  <system-out><![CDATA[]]></system-out>
  <system-err><![CDATA[]]></system-err>
</testsuite>
